#
# There is insufficient memory for the Java Runtime Environment to continue.
# Native memory allocation (malloc) failed to allocate 1048576 bytes for AllocateHeap
# Possible reasons:
#   The system is out of physical RAM or swap space
#   The process is running with CompressedOops enabled, and the Java Heap may be blocking the growth of the native heap
# Possible solutions:
#   Reduce memory load on the system
#   Increase physical memory or swap space
#   Check if swap backing store is full
#   Decrease Java heap size (-Xmx/-Xms)
#   Decrease number of Java threads
#   Decrease Java thread stack sizes (-Xss)
#   Set larger code cache with -XX:ReservedCodeCacheSize=
#   JVM is running with Unscaled Compressed Oops mode in which the Java heap is
#     placed in the first 4GB address space. The Java Heap base address is the
#     maximum limit for the native heap growth. Please use -XX:HeapBaseMinAddress
#     to set the Java Heap base and to place the Java Heap above 4GB virtual address.
# This output file may be truncated or incomplete.
#
#  Out of Memory Error (memory/allocation.inline.hpp:61), pid=13456, tid=0x0000000000003fdc
#
# JRE version:  (8.0_271-b09) (build )
# Java VM: Java HotSpot(TM) 64-Bit Server VM (25.271-b09 mixed mode windows-amd64 compressed oops)
# Failed to write core dump. Minidumps are not enabled by default on client versions of Windows
#

---------------  T H R E A D  ---------------

Current thread (0x0000022998a65800):  JavaThread "Unknown thread" [_thread_in_vm, id=16348, stack(0x0000008f9d300000,0x0000008f9d400000)]

Stack: [0x0000008f9d300000,0x0000008f9d400000]
Native frames: (J=compiled Java code, j=interpreted, Vv=VM code, C=native code)
V  [jvm.dll+0x33f6c9]
V  [jvm.dll+0x286122]
V  [jvm.dll+0x286dcd]
V  [jvm.dll+0x27d805]
V  [jvm.dll+0x1565d]
V  [jvm.dll+0x3da1f7]
V  [jvm.dll+0x3d6637]
V  [jvm.dll+0x10cfff]
V  [jvm.dll+0x21ab2b]
V  [jvm.dll+0x2494e7]
V  [jvm.dll+0x172a76]
C  [javaw.exe+0x2322]
C  [javaw.exe+0x16544]
C  [KERNEL32.DLL+0x17034]
C  [ntdll.dll+0x52651]


---------------  P R O C E S S  ---------------

Java Threads: ( => current thread )

Other Threads:

=>0x0000022998a65800 (exited) JavaThread "Unknown thread" [_thread_in_vm, id=16348, stack(0x0000008f9d300000,0x0000008f9d400000)]

VM state:not at safepoint (normal execution)

VM Mutex/Monitor currently owned by a thread: None

heap address: 0x00000000c1a00000, size: 998 MB, Compressed Oops mode: 32-bit
Narrow klass base: 0x0000000000000000, Narrow klass shift: 3
Compressed class space size: 1073741824 Address: 0x0000000100000000

Heap:
 PSYoungGen      total 18944K, used 327K [0x00000000eb380000, 0x00000000ec880000, 0x0000000100000000)
  eden space 16384K, 2% used [0x00000000eb380000,0x00000000eb3d1ec8,0x00000000ec380000)
  from space 2560K, 0% used [0x00000000ec600000,0x00000000ec600000,0x00000000ec880000)
  to   space 2560K, 0% used [0x00000000ec380000,0x00000000ec380000,0x00000000ec600000)
 ParOldGen       total 44032K, used 0K [0x00000000c1a00000, 0x00000000c4500000, 0x00000000eb380000)
  object space 44032K, 0% used [0x00000000c1a00000,0x00000000c1a00000,0x00000000c4500000)
 Metaspace       used 754K, capacity 1092K, committed 1152K, reserved 1060864K
  class space    used 76K, capacity 384K, committed 384K, reserved 1048576K

Card table byte_map: [0x00000229a9690000,0x00000229a9890000] byte_map_base: 0x00000229a9083000

Marking Bits: (ParMarkBitMap*) 0x00000000616c7fe0
 Begin Bits: [0x00000229a99e0000, 0x00000229aa978000)
 End Bits:   [0x00000229aa978000, 0x00000229ab910000)

Polling page: 0x00000229989c0000

CodeCache: size=245760Kb used=328Kb max_used=328Kb free=245431Kb
 bounds [0x000002299a2d0000, 0x000002299a540000, 0x00000229a92d0000]
 total_blobs=58 nmethods=0 adapters=38
 compilation: enabled

Compilation events (0 events):
No events

GC Heap History (0 events):
No events

Deoptimization events (0 events):
No events

Classes redefined (0 events):
No events

Internal exceptions (0 events):
No events

Events (10 events):
Event: 0.054 loading class java/lang/Short
Event: 0.054 loading class java/lang/Short done
Event: 0.054 loading class java/lang/Integer
Event: 0.054 loading class java/lang/Integer done
Event: 0.054 loading class java/lang/Long
Event: 0.054 loading class java/lang/Long done
Event: 0.056 loading class java/lang/NullPointerException
Event: 0.056 loading class java/lang/NullPointerException done
Event: 0.057 loading class java/lang/ArithmeticException
Event: 0.057 loading class java/lang/ArithmeticException done


Dynamic libraries:
0x00007ff7c0e20000 - 0x00007ff7c0e67000 	C:\Program Files\Java\jre1.8.0_271\bin\javaw.exe
0x00007ffbda1b0000 - 0x00007ffbda3a5000 	C:\WINDOWS\SYSTEM32\ntdll.dll
0x00007ffbd9130000 - 0x00007ffbd91ed000 	C:\WINDOWS\System32\KERNEL32.DLL
0x00007ffbd7d70000 - 0x00007ffbd8039000 	C:\WINDOWS\System32\KERNELBASE.dll
0x00007ffbd9000000 - 0x00007ffbd90ac000 	C:\WINDOWS\System32\ADVAPI32.dll
0x00007ffbd88f0000 - 0x00007ffbd898e000 	C:\WINDOWS\System32\msvcrt.dll
0x00007ffbd96d0000 - 0x00007ffbd976b000 	C:\WINDOWS\System32\sechost.dll
0x00007ffbd9470000 - 0x00007ffbd959a000 	C:\WINDOWS\System32\RPCRT4.dll
0x00007ffbd92d0000 - 0x00007ffbd9470000 	C:\WINDOWS\System32\USER32.dll
0x00007ffbd81d0000 - 0x00007ffbd81f2000 	C:\WINDOWS\System32\win32u.dll
0x00007ffbd8c70000 - 0x00007ffbd8c9a000 	C:\WINDOWS\System32\GDI32.dll
0x00007ffbd8090000 - 0x00007ffbd819b000 	C:\WINDOWS\System32\gdi32full.dll
0x00007ffbd8200000 - 0x00007ffbd829d000 	C:\WINDOWS\System32\msvcp_win.dll
0x00007ffbd7c70000 - 0x00007ffbd7d70000 	C:\WINDOWS\System32\ucrtbase.dll
0x00007ffbc6910000 - 0x00007ffbc6baa000 	C:\WINDOWS\WinSxS\amd64_microsoft.windows.common-controls_6595b64144ccf1df_6.0.19041.1110_none_60b5254171f9507e\COMCTL32.dll
0x00007ffbd8720000 - 0x00007ffbd8750000 	C:\WINDOWS\System32\IMM32.DLL
0x00007ffbd1e50000 - 0x00007ffbd1e65000 	C:\Program Files\Java\jre1.8.0_271\bin\vcruntime140.dll
0x00007ffbcd050000 - 0x00007ffbcd0eb000 	C:\Program Files\Java\jre1.8.0_271\bin\msvcp140.dll
0x0000000060ed0000 - 0x000000006173f000 	C:\Program Files\Java\jre1.8.0_271\bin\server\jvm.dll
0x00007ffbd8750000 - 0x00007ffbd8758000 	C:\WINDOWS\System32\PSAPI.DLL
0x00007ffbca370000 - 0x00007ffbca397000 	C:\WINDOWS\SYSTEM32\WINMM.dll
0x00007ffbc97e0000 - 0x00007ffbc97ea000 	C:\WINDOWS\SYSTEM32\VERSION.dll
0x00007ffbc55b0000 - 0x00007ffbc55b9000 	C:\WINDOWS\SYSTEM32\WSOCK32.dll
0x00007ffbd8870000 - 0x00007ffbd88db000 	C:\WINDOWS\System32\WS2_32.dll
0x00007ffbd6200000 - 0x00007ffbd6212000 	C:\WINDOWS\SYSTEM32\kernel.appcore.dll
0x00007ffbd1e20000 - 0x00007ffbd1e30000 	C:\Program Files\Java\jre1.8.0_271\bin\verify.dll
0x00007ffbcf3b0000 - 0x00007ffbcf3db000 	C:\Program Files\Java\jre1.8.0_271\bin\java.dll
0x00007ffbd1e00000 - 0x00007ffbd1e18000 	C:\Program Files\Java\jre1.8.0_271\bin\zip.dll
0x00007ffbd50e0000 - 0x00007ffbd52c4000 	C:\WINDOWS\SYSTEM32\dbghelp.dll
0x00007ffbd7a20000 - 0x00007ffbd7aa3000 	C:\WINDOWS\System32\bcryptPrimitives.dll

VM Arguments:
jvm_args: -ea -Dfile.encoding=UTF-8 
java_command: org.testng.remote.RemoteTestNG -serport 49443 -protocol json -d C:\Users\Admin\git\hybrid_framework_bankguru\test-output C:\Users\Admin\git\hybrid_framework_bankguru\resources\runFacebookTestcase.xml
java_class_path (initial): D:\TAM\Auto test\AutomationFC\01-Software\04 - Windows Software\eclipse\configuration\org.eclipse.osgi\456\0\.cp\lib\testng-remote.jar;C:\Users\Admin\git\hybrid_framework_bankguru\bin;C:\Users\Admin\git\hybrid_framework_bankguru\libraries\selenium-server-standalone-3.141.59.jar;C:\Users\Admin\git\hybrid_framework_bankguru\libraries\testng-6.14.3.jar;C:\Users\Admin\git\hybrid_framework_bankguru\libWebDriverManager\commons-codec-1.13.jar;C:\Users\Admin\git\hybrid_framework_bankguru\libWebDriverManager\commons-collections4-4.3.jar;C:\Users\Admin\git\hybrid_framework_bankguru\libWebDriverManager\commons-compress-1.20.jar;C:\Users\Admin\git\hybrid_framework_bankguru\libWebDriverManager\commons-io-2.7.jar;C:\Users\Admin\git\hybrid_framework_bankguru\libWebDriverManager\commons-lang3-3.11.jar;C:\Users\Admin\git\hybrid_framework_bankguru\libWebDriverManager\gson-2.8.6.jar;C:\Users\Admin\git\hybrid_framework_bankguru\libWebDriverManager\httpclient5-5.0.1.jar;C:\Users\Admin\git\hybrid_framework_bankguru\libWebDriverManager\httpcore5-5.0.1.jar;C:\Users\Admin\git\hybrid_framework_bankguru\libWebDriverManager\jarchivelib-1.0.0.jar;C:\Users\Admin\git\hybrid_framework_bankguru\libWebDriverManager\jsoup-1.13.1.jar;C:\Users\Admin\git\hybrid_framework_bankguru\libWebDriverManager\slf4j-api-1.7.30.jar;C:\Users\Admin\git\hybrid_framework_bankguru\libWebDriverManager\webdrivermanager-4.2.0.jar;C:\Users\Admin\git\hybrid_framework_bankguru\libLogging\commons-logging-1.2.jar;C:\Users\Admin\git\hybrid_framework_bankguru\libLogging\log4j-1.2.16.jar
Launcher Type: SUN_STANDARD

Environment Variables:
PATH=C:/Program Files/Java/jre1.8.0_301/bin/server;C:/Program Files/Java/jre1.8.0_301/bin;C:/Program Files/Java/jre1.8.0_301/lib/amd64;C:\Python39\Scripts\;C:\Python39\;C:\Program Files (x86)\Common Files\Oracle\Java\javapath;C:\WINDOWS\system32;C:\WINDOWS;C:\WINDOWS\System32\Wbem;C:\WINDOWS\System32\WindowsPowerShell\v1.0\;C:\Program Files\Git\cmd;C:\WINDOWS\System32\OpenSSH\;C:\Program Files\Java\jdk1.8.0_301\bin;C:\Program Files\nodejs\;C:\ProgramData\chocolatey\bin;C:\Users\Admin\AppData\Local\Android\Sdk\platform-tools;C:\Users\Admin\AppData\Local\Microsoft\WindowsApps;;C:\Users\Admin\AppData\Local\Programs\Microsoft VS Code\bin;C:\Users\Admin\AppData\Roaming\npm;D:\TAM\Auto test\AutomationFC\01-Software\04 - Windows Software\eclipse;
USERNAME=Admin
OS=Windows_NT
PROCESSOR_IDENTIFIER=Intel64 Family 6 Model 61 Stepping 4, GenuineIntel



---------------  S Y S T E M  ---------------

OS: Windows 10.0 , 64 bit Build 19041 (10.0.19041.1151)

CPU:total 4 (initial active 4) (2 cores per cpu, 2 threads per core) family 6 model 61 stepping 4, cmov, cx8, fxsr, mmx, sse, sse2, sse3, ssse3, sse4.1, sse4.2, popcnt, avx, avx2, aes, clmul, erms, rtm, 3dnowpref, lzcnt, ht, tsc, tscinvbit, bmi1, bmi2, adx

Memory: 4k page, physical 4080076k(469260k free), swap 14246796k(4568k free)

vm_info: Java HotSpot(TM) 64-Bit Server VM (25.271-b09) for windows-amd64 JRE (1.8.0_271-b09), built on Sep 16 2020 19:14:59 by "" with MS VC++ 15.9 (VS2017)

time: Wed Aug 25 21:19:17 2021
timezone: SE Asia Standard Time
elapsed time: 0.118329 seconds (0d 0h 0m 0s)

